<?xml version="1.0" encoding="UTF-8"?>
<!-- Generated by org.testng.reporters.JUnitReportReporter -->
<testsuite hostname="jadi" failures="0" tests="1" name="com.JDBC.Practice.ExecuteQueryTest" time="1.623" errors="0" timestamp="2021-12-07T19:47:49 IST" skipped="0">
  <testcase classname="com.JDBC.Practice.ExecuteQueryTest" name="executeQueryTest" time="1.623"/>
  <system-out/>
</testsuite> <!-- com.JDBC.Practice.ExecuteQueryTest -->
