<?xml version="1.0" encoding="UTF-8"?>
<!-- Generated by org.testng.reporters.JUnitReportReporter -->
<testsuite hostname="jadi" failures="0" tests="1" name="com.vTiger.Practice.SampleTest" time="8.502" errors="0" timestamp="2021-12-10T12:21:29 IST" skipped="0">
  <testcase classname="com.vTiger.Practice.SampleTest" name="cmdlineparameter" time="8.502"/>
  <system-out/>
</testsuite> <!-- com.vTiger.Practice.SampleTest -->
