<?xml version="1.0" encoding="UTF-8"?>
<!-- Generated by org.testng.reporters.JUnitReportReporter -->
<testsuite hostname="jadi" failures="0" tests="2" name="com.vTiger.TCbase.TC001_CreateOrgBaseTest" time="156.872" errors="0" timestamp="2021-12-15T17:07:30 IST" skipped="0">
  <testcase classname="com.vTiger.TCbase.TC001_CreateOrgBaseTest" name="createOrgPhoneNumner" time="77.977"/>
  <system-out/>
  <testcase classname="com.vTiger.TCbase.TC001_CreateOrgBaseTest" name="createOrg" time="78.895"/>
  <system-out/>
</testsuite> <!-- com.vTiger.TCbase.TC001_CreateOrgBaseTest -->
