<?xml version="1.0" encoding="UTF-8"?>
<!-- Generated by org.testng.reporters.JUnitReportReporter -->
<testsuite hostname="jadi" failures="0" tests="2" name="com.vTiger.TCbase.TC001_CreateOrgBase" time="143.539" errors="0" timestamp="2021-12-10T10:02:57 IST" skipped="0">
  <testcase classname="com.vTiger.TCbase.TC001_CreateOrgBase" name="createOrg" time="77.060"/>
  <system-out/>
  <testcase classname="com.vTiger.TCbase.TC001_CreateOrgBase" name="createOrgPhoneNumner" time="66.479"/>
  <system-out/>
</testsuite> <!-- com.vTiger.TCbase.TC001_CreateOrgBase -->
