<?xml version="1.0" encoding="UTF-8"?>
<!-- Generated by org.testng.reporters.JUnitReportReporter -->
<testsuite hostname="jadi" failures="0" tests="1" name="com.vTiger.TCbase.TC002_CreateOrganizationFromBaseClass" time="99.575" errors="0" timestamp="2021-12-09T12:01:26 IST" skipped="0">
  <testcase classname="com.vTiger.TCbase.TC002_CreateOrganizationFromBaseClass" name="createOrg" time="99.575"/>
  <system-out/>
</testsuite> <!-- com.vTiger.TCbase.TC002_CreateOrganizationFromBaseClass -->
