<?xml version="1.0" encoding="UTF-8"?>
<!-- Generated by org.testng.reporters.JUnitReportReporter -->
<testsuite hostname="jadi" failures="0" tests="1" name="com.vTiger.TC.TC001_CreateOrgBase" time="91.755" errors="0" timestamp="2021-12-02T16:44:53 IST" skipped="0">
  <testcase classname="com.vTiger.TC.TC001_CreateOrgBase" name="createOrg" time="91.755"/>
  <system-out/>
</testsuite> <!-- com.vTiger.TC.TC001_CreateOrgBase -->
