<?xml version="1.0" encoding="UTF-8"?>
<!-- Generated by org.testng.reporters.JUnitReportReporter -->
<testsuite hostname="jadi" failures="0" tests="2" name="com.vTiger.TCbase.TC003_CreateContactsbase" time="106.118" errors="0" timestamp="2021-12-09T12:43:08 IST" skipped="0">
  <testcase classname="com.vTiger.TCbase.TC003_CreateContactsbase" name="CreateContactwithOrg" time="66.187"/>
  <system-out/>
  <testcase classname="com.vTiger.TCbase.TC003_CreateContactsbase" name="CreateContact" time="39.931"/>
  <system-out/>
</testsuite> <!-- com.vTiger.TCbase.TC003_CreateContactsbase -->
