<?xml version="1.0" encoding="UTF-8"?>
<!-- Generated by org.testng.reporters.JUnitReportReporter -->
<testsuite hostname="jadi" failures="0" tests="1" name="com.vTiger.TC.TC002_CreateOrganizationFromBaseClass" time="112.978" errors="0" timestamp="2021-12-02T17:46:51 IST" skipped="0">
  <testcase classname="com.vTiger.TC.TC002_CreateOrganizationFromBaseClass" name="createOrg" time="112.978"/>
  <system-out/>
</testsuite> <!-- com.vTiger.TC.TC002_CreateOrganizationFromBaseClass -->
