<?xml version="1.0" encoding="UTF-8"?>
<!-- Generated by org.testng.reporters.JUnitReportReporter -->
<testsuite hostname="jadi" failures="0" tests="1" name="com.vTiger.TCbase.TC002_CreateOrganizationFromBaseTest" time="141.721" errors="0" timestamp="2021-12-13T11:18:22 IST" skipped="0">
  <testcase classname="com.vTiger.TCbase.TC002_CreateOrganizationFromBaseTest" name="createOrg" time="141.721"/>
  <system-out/>
</testsuite> <!-- com.vTiger.TCbase.TC002_CreateOrganizationFromBaseTest -->
