<?xml version="1.0" encoding="UTF-8"?>
<!-- Generated by org.testng.reporters.JUnitReportReporter -->
<testsuite hostname="jadi" failures="0" tests="2" name="com.vTiger.TCbase.TC001_CreateOrgBaseTest" time="188.748" errors="0" timestamp="2021-12-13T11:18:22 IST" skipped="0">
  <testcase classname="com.vTiger.TCbase.TC001_CreateOrgBaseTest" name="createOrg" time="108.508"/>
  <system-out/>
  <testcase classname="com.vTiger.TCbase.TC001_CreateOrgBaseTest" name="createOrgPhoneNumner" time="80.240"/>
  <system-out/>
</testsuite> <!-- com.vTiger.TCbase.TC001_CreateOrgBaseTest -->
