<?xml version="1.0" encoding="UTF-8"?>
<!-- Generated by org.testng.reporters.JUnitReportReporter -->
<testsuite hostname="jadi" failures="0" tests="1" name="com.vTiger.TCbase.TC002_CreateOrganizationFromBaseTest" time="166.058" errors="0" timestamp="2021-12-15T16:46:18 IST" skipped="0">
  <testcase classname="com.vTiger.TCbase.TC002_CreateOrganizationFromBaseTest" name="createOrg" time="166.058"/>
  <system-out/>
</testsuite> <!-- com.vTiger.TCbase.TC002_CreateOrganizationFromBaseTest -->
