<?xml version="1.0" encoding="UTF-8"?>
<!-- Generated by org.testng.reporters.JUnitReportReporter -->
<testsuite hostname="jadi" failures="0" tests="2" name="com.vTiger.TCbase.TC003_CreateContactsBaseTest" time="88.864" errors="0" timestamp="2021-12-15T17:09:32 IST" skipped="0">
  <testcase classname="com.vTiger.TCbase.TC003_CreateContactsBaseTest" name="CreateContact" time="37.261"/>
  <system-out/>
  <testcase classname="com.vTiger.TCbase.TC003_CreateContactsBaseTest" name="CreateContactwithOrg" time="51.603"/>
  <system-out/>
</testsuite> <!-- com.vTiger.TCbase.TC003_CreateContactsBaseTest -->
