<?xml version="1.0" encoding="UTF-8"?>
<!-- Generated by org.testng.reporters.JUnitReportReporter -->
<testsuite hostname="jadi" failures="0" tests="1" name="com.vTiger.TCbase.TC003_CreateContactsBaseTest" time="35.868" errors="0" timestamp="2021-12-16T11:04:34 IST" skipped="0">
  <testcase classname="com.vTiger.TCbase.TC003_CreateContactsBaseTest" name="CreateContact" time="35.868"/>
  <system-out/>
</testsuite> <!-- com.vTiger.TCbase.TC003_CreateContactsBaseTest -->
