<?xml version="1.0" encoding="UTF-8"?>
<!-- Generated by org.testng.reporters.JUnitReportReporter -->
<testsuite hostname="jadi" failures="0" tests="4" name="com.vTiger.Practice.NewDataProvider" time="0.071" errors="0" timestamp="2021-12-10T10:28:44 IST" skipped="0">
  <testcase classname="com.vTiger.Practice.NewDataProvider" name="print" time="0.009"/>
  <system-out/>
  <testcase classname="com.vTiger.Practice.NewDataProvider" name="print" time="0.013"/>
  <system-out/>
  <testcase classname="com.vTiger.Practice.NewDataProvider" name="print" time="0.024"/>
  <system-out/>
  <testcase classname="com.vTiger.Practice.NewDataProvider" name="print" time="0.025"/>
  <system-out/>
</testsuite> <!-- com.vTiger.Practice.NewDataProvider -->
