<?xml version="1.0" encoding="UTF-8"?>
<!-- Generated by org.testng.reporters.JUnitReportReporter -->
<testsuite hostname="jadi" failures="0" tests="1" name="com.JDBC.Practice.ExecuteUpdateTest" time="2.157" errors="0" timestamp="2021-12-07T19:42:28 IST" skipped="0">
  <testcase classname="com.JDBC.Practice.ExecuteUpdateTest" name="executeUpdate" time="2.157"/>
  <system-out/>
</testsuite> <!-- com.JDBC.Practice.ExecuteUpdateTest -->
